[    0.000000] Initializing cgroup subsys cpuset
[    0.000000] Initializing cgroup subsys cpu
[    0.000000] Initializing cgroup subsys cpuacct
[    0.000000] Linux version 4.4.0-141-generic (buildd@lcy01-amd64-027) (gcc version 5.4.0 20160609 (Ubuntu 5.4.0-6ubuntu1~16.04.10) ) #167-Ubuntu SMP Wed Dec 5 10:38:08 UTC 2018 (Ubuntu 4.4.0-141.167-generic 4.4.162)
[    0.000000] KERNEL supported cpus:
[    0.000000]   Intel GenuineIntel
[    0.000000]   AMD AuthenticAMD
[    0.000000]   NSC Geode by NSC
[    0.000000]   Cyrix CyrixInstead
[    0.000000]   Centaur CentaurHauls
[    0.000000]   Transmeta GenuineTMx86
[    0.000000]   Transmeta TransmetaCPU
[    0.000000]   UMC UMC UMC UMC
[    0.000000] x86/fpu: xstate_offset[2]:  576, xstate_sizes[2]:  256
[    0.000000] x86/fpu: Supporting XSAVE feature 0x01: 'x87 floating point registers'
[    0.000000] x86/fpu: Supporting XSAVE feature 0x02: 'SSE registers'
[    0.000000] x86/fpu: Supporting XSAVE feature 0x04: 'AVX registers'
[    0.000000] x86/fpu: Enabled xstate features 0x7, context size is 832 bytes, using 'standard' format.
[    0.000000] e820: BIOS-provided physical RAM map:
[    0.000000] BIOS-e820: [mem 0x0000000000000000-0x000000000009fbff] usable
[    0.000000] BIOS-e820: [mem 0x000000000009fc00-0x000000000009ffff] reserved
[    0.000000] BIOS-e820: [mem 0x00000000000f0000-0x00000000000fffff] reserved
[    0.000000] BIOS-e820: [mem 0x0000000000100000-0x000000001ffeffff] usable
[    0.000000] BIOS-e820: [mem 0x000000001fff0000-0x000000001fffffff] ACPI data
[    0.000000] BIOS-e820: [mem 0x00000000fec00000-0x00000000fec00fff] reserved
[    0.000000] BIOS-e820: [mem 0x00000000fee00000-0x00000000fee00fff] reserved
[    0.000000] BIOS-e820: [mem 0x00000000fffc0000-0x00000000ffffffff] reserved
[    0.000000] NX (Execute Disable) protection: active
[    0.000000] SMBIOS 2.5 present.
[    0.000000] Hypervisor detected: KVM
[    0.000000] e820: last_pfn = 0x1fff0 max_arch_pfn = 0x1000000
[    0.000000] MTRR: Disabled
[    0.000000] x86/PAT: MTRRs disabled, skipping PAT initialization too.
[    0.000000] CPU MTRRs all blank - virtualized system.
[    0.000000] x86/PAT: Configuration [0-7]: WB  WT  UC- UC  WB  WT  UC- UC  
[    0.000000] found SMP MP-table at [mem 0x0009fff0-0x0009ffff] mapped at [c009fff0]
[    0.000000] Scanning 1 areas for low memory corruption
[    0.000000] RAMDISK: [mem 0x1e8ce000-0x1f738fff]
[    0.000000] ACPI: Early table checksum verification disabled
[    0.000000] ACPI: RSDP 0x00000000000E0000 000024 (v02 VBOX  )
[    0.000000] ACPI: XSDT 0x000000001FFF0030 00003C (v01 VBOX   VBOXXSDT 00000001 ASL  00000061)
[    0.000000] ACPI: FACP 0x000000001FFF00F0 0000F4 (v04 VBOX   VBOXFACP 00000001 ASL  00000061)
[    0.000000] ACPI: DSDT 0x000000001FFF0470 0021FF (v02 VBOX   VBOXBIOS 00000002 INTL 20100528)
[    0.000000] ACPI: FACS 0x000000001FFF0200 000040
[    0.000000] ACPI: FACS 0x000000001FFF0200 000040
[    0.000000] ACPI: APIC 0x000000001FFF0240 000054 (v02 VBOX   VBOXAPIC 00000001 ASL  00000061)
[    0.000000] ACPI: SSDT 0x000000001FFF02A0 0001CC (v01 VBOX   VBOXCPUT 00000002 INTL 20100528)
[    0.000000] 0MB HIGHMEM available.
[    0.000000] 511MB LOWMEM available.
[    0.000000]   mapped low ram: 0 - 1fff0000
[    0.000000]   low ram: 0 - 1fff0000
[    0.000000] kvm-clock: Using msrs 4b564d01 and 4b564d00
[    0.000000] kvm-clock: cpu 0, msr 0:1ffef001, primary cpu clock
[    0.000000] kvm-clock: using sched offset of 3565277237 cycles
[    0.000000] clocksource: kvm-clock: mask: 0xffffffffffffffff max_cycles: 0x1cd42e4dffb, max_idle_ns: 881590591483 ns
[    0.000000] Zone ranges:
[    0.000000]   DMA      [mem 0x0000000000001000-0x0000000000ffffff]
[    0.000000]   Normal   [mem 0x0000000001000000-0x000000001ffeffff]
[    0.000000]   HighMem  empty
[    0.000000] Movable zone start for each node
[    0.000000] Early memory node ranges
[    0.000000]   node   0: [mem 0x0000000000001000-0x000000000009efff]
[    0.000000]   node   0: [mem 0x0000000000100000-0x000000001ffeffff]
[    0.000000] Initmem setup node 0 [mem 0x0000000000001000-0x000000001ffeffff]
[    0.000000] Using APIC driver default
[    0.000000] ACPI: PM-Timer IO Port: 0x4008
[    0.000000] IOAPIC[0]: apic_id 1, version 32, address 0xfec00000, GSI 0-23
[    0.000000] ACPI: INT_SRC_OVR (bus 0 bus_irq 0 global_irq 2 dfl dfl)
[    0.000000] ACPI: INT_SRC_OVR (bus 0 bus_irq 9 global_irq 9 low level)
[    0.000000] Using ACPI (MADT) for SMP configuration information
[    0.000000] smpboot: Allowing 1 CPUs, 0 hotplug CPUs
[    0.000000] PM: Registered nosave memory: [mem 0x00000000-0x00000fff]
[    0.000000] PM: Registered nosave memory: [mem 0x0009f000-0x0009ffff]
[    0.000000] PM: Registered nosave memory: [mem 0x000a0000-0x000effff]
[    0.000000] PM: Registered nosave memory: [mem 0x000f0000-0x000fffff]
[    0.000000] e820: [mem 0x20000000-0xfebfffff] available for PCI devices
[    0.000000] Booting paravirtualized kernel on KVM
[    0.000000] clocksource: refined-jiffies: mask: 0xffffffff max_cycles: 0xffffffff, max_idle_ns: 7645519600211568 ns
[    0.000000] setup_percpu: NR_CPUS:8 nr_cpumask_bits:8 nr_cpu_ids:1 nr_node_ids:1
[    0.000000] PERCPU: Embedded 19 pages/cpu @dfac1000 s47436 r0 d30388 u77824
[    0.000000] PV qspinlock hash table entries: 512 (order: 0, 4096 bytes)
[    0.000000] Built 1 zonelists in Zone order, mobility grouping on.  Total pages: 129678
[    0.000000] Kernel command line: BOOT_IMAGE=/boot/vmlinuz-4.4.0-141-generic root=UUID=cd935ad6-5e48-477b-be26-1a41d79d748a ro console=tty1 console=ttyS0
[    0.000000] PID hash table entries: 2048 (order: 1, 8192 bytes)
[    0.000000] Dentry cache hash table entries: 65536 (order: 6, 262144 bytes)
[    0.000000] Inode-cache hash table entries: 32768 (order: 5, 131072 bytes)
[    0.000000] Initializing CPU#0
[    0.000000] Initializing HighMem for node 0 (00000000:00000000)
[    0.000000] Memory: 489392K/523832K available (8052K kernel code, 778K rwdata, 3180K rodata, 952K init, 800K bss, 34440K reserved, 0K cma-reserved, 0K highmem)
[    0.000000] virtual kernel memory layout:
[    0.000000]     fixmap  : 0xfff15000 - 0xfffff000   ( 936 kB)
[    0.000000]     pkmap   : 0xffc00000 - 0xffe00000   (2048 kB)
[    0.000000]     vmalloc : 0xe07f0000 - 0xffbfe000   ( 500 MB)
[    0.000000]     lowmem  : 0xc0000000 - 0xdfff0000   ( 511 MB)
[    0.000000]       .init : 0xc1bbe000 - 0xc1cac000   ( 952 kB)
[    0.000000]       .data : 0xc17dd3c4 - 0xc1bbc9c0   (3965 kB)
[    0.000000]       .text : 0xc1000000 - 0xc17dd3c4   (8052 kB)
[    0.000000] Checking if this processor honours the WP bit even in supervisor mode...Ok.
[    0.000000] SLUB: HWalign=64, Order=0-3, MinObjects=0, CPUs=1, Nodes=1
[    0.000000] Hierarchical RCU implementation.
[    0.000000] 	Build-time adjustment of leaf fanout to 32.
[    0.000000] 	RCU restricting CPUs from NR_CPUS=8 to nr_cpu_ids=1.
[    0.000000] RCU: Adjusting geometry for rcu_fanout_leaf=32, nr_cpu_ids=1
[    0.000000] NR_IRQS:2304 nr_irqs:256 16
[    0.000000] Console: colour VGA+ 80x25
[    0.000000] console [tty1] enabled
[    0.000000] console [ttyS0] enabled
[    0.000000] allocated 524288 bytes of page_ext
[    0.000000] tsc: Detected 2294.690 MHz processor
[    1.115084] Calibrating delay loop (skipped) preset value.. 4589.38 BogoMIPS (lpj=9178760)
[    1.116405] pid_max: default: 32768 minimum: 301
[    1.117128] ACPI: Core revision 20150930
[    1.118625] ACPI: 2 ACPI AML tables successfully acquired and loaded
[    1.119729] Security Framework initialized
[    1.120373] Yama: becoming mindful.
[    1.120982] AppArmor: AppArmor initialized
[    1.121694] Mount-cache hash table entries: 1024 (order: 0, 4096 bytes)
[    1.122658] Mountpoint-cache hash table entries: 1024 (order: 0, 4096 bytes)
[    1.123790] Initializing cgroup subsys io
[    1.124460] Initializing cgroup subsys memory
[    1.125134] Initializing cgroup subsys devices
[    1.125839] Initializing cgroup subsys freezer
[    1.126586] Initializing cgroup subsys net_cls
[    1.127280] Initializing cgroup subsys perf_event
[    1.128025] Initializing cgroup subsys net_prio
[    1.128771] Initializing cgroup subsys hugetlb
[    1.129544] Initializing cgroup subsys pids
[    1.188618] mce: CPU supports 0 MCE banks
[    1.232967] process: using mwait in idle threads
[    1.300083] Last level iTLB entries: 4KB 1024, 2MB 1024, 4MB 1024
[    1.413340] Last level dTLB entries: 4KB 1024, 2MB 1024, 4MB 1024, 1GB 4
[    1.465170] Spectre V2 : Mitigation: Full generic retpoline
[    1.488804] Spectre V2 : Spectre v2 mitigation: Speculation control IBPB not-supported IBRS not-supported
[    1.600298] Spectre V2 : Spectre v2 / SpectreRSB mitigation: Filling RSB on context switch
[    1.694069] Speculative Store Bypass: Vulnerable
[    1.763279] Freeing SMP alternatives memory: 32K
[    1.804402] ftrace: allocating 31566 entries in 62 pages
[    1.930513] smpboot: APIC(0) Converting physical 0 to logical package 0
[    1.931594] smpboot: Max logical packages: 1
[    1.932290] Enabling APIC mode:  Flat.  Using 1 I/O APICs
[    1.934119] ..TIMER: vector=0x30 apic1=0 pin1=2 apic2=-1 pin2=-1
[    2.042454] smpboot: CPU0: Intel(R) Core(TM) i7-4712MQ CPU @ 2.30GHz (family: 0x6, model: 0x3c, stepping: 0x3)
[    2.076097] Performance Events: unsupported p6 CPU model 60 no PMU driver, software events only.
[    2.077562] KVM setup paravirtual spinlock
[    2.078917] x86: Booted up 1 node, 1 CPUs
[    2.081006] smpboot: Total of 1 processors activated (4589.38 BogoMIPS)
[    2.082182] devtmpfs: initialized
[    2.082907] evm: security.selinux
[    2.083502] evm: security.SMACK64
[    2.084079] evm: security.SMACK64EXEC
[    2.084693] evm: security.SMACK64TRANSMUTE
[    2.085330] evm: security.SMACK64MMAP
[    2.085968] evm: security.ima
[    2.086535] evm: security.capability
[    2.087232] clocksource: jiffies: mask: 0xffffffff max_cycles: 0xffffffff, max_idle_ns: 7645041785100000 ns
[    2.088710] futex hash table entries: 256 (order: 2, 16384 bytes)
[    2.089694] pinctrl core: initialized pinctrl subsystem
[    2.090625] RTC time: 15:13:14, date: 01/05/19
[    2.091425] NET: Registered protocol family 16
[    2.092265] EISA bus registered
[    2.092809] cpuidle: using governor ladder
[    2.093476] cpuidle: using governor menu
[    2.094099] PCCT header not found.
[    2.094753] ACPI: bus type PCI registered
[    2.095462] acpiphp: ACPI Hot Plug PCI Controller Driver version: 0.5
[    2.096646] PCI : PCI BIOS area is rw and x. Use pci=nobios if you want it NX.
[    2.097836] PCI: PCI BIOS revision 2.10 entry at 0xfda26, last bus=0
[    2.102118] PCI: Using configuration type 1 for base access
[    2.103953] ACPI: Added _OSI(Module Device)
[    2.104638] ACPI: Added _OSI(Processor Device)
[    2.105333] ACPI: Added _OSI(3.0 _SCP Extensions)
[    2.106059] ACPI: Added _OSI(Processor Aggregator Device)
[    2.107369] ACPI: Executed 1 blocks of module-level executable AML code
[    2.110008] ACPI: Interpreter enabled
[    2.110639] ACPI: (supports S0 S5)
[    2.111280] ACPI: Using IOAPIC for interrupt routing
[    2.112176] PCI: Using host bridge windows from ACPI; if necessary, use "pci=nocrs" and report a bug
[    2.157251] ACPI: PCI Root Bridge [PCI0] (domain 0000 [bus 00-ff])
[    2.264746] acpi PNP0A03:00: _OSC: OS supports [ASPM ClockPM Segments MSI]
[    2.367706] acpi PNP0A03:00: _OSC: not requesting OS control; OS requires [ExtendedConfig ASPM ClockPM MSI]
[    2.370360] acpi PNP0A03:00: fail to add MMCONFIG information, can't access extended PCI configuration space under this bridge.
[    2.372248] PCI host bridge to bus 0000:00
[    2.372941] pci_bus 0000:00: root bus resource [io  0x0000-0x0cf7 window]
[    2.373927] pci_bus 0000:00: root bus resource [io  0x0d00-0xffff window]
[    2.374921] pci_bus 0000:00: root bus resource [mem 0x000a0000-0x000bffff window]
[    2.376258] pci_bus 0000:00: root bus resource [mem 0x20000000-0xfdffffff window]
[    2.377460] pci_bus 0000:00: root bus resource [bus 00-ff]
[    2.379751] pci 0000:00:01.1: legacy IDE quirk: reg 0x10: [io  0x01f0-0x01f7]
[    2.423569] pci 0000:00:01.1: legacy IDE quirk: reg 0x14: [io  0x03f6]
[    2.511939] pci 0000:00:01.1: legacy IDE quirk: reg 0x18: [io  0x0170-0x0177]
[    2.619752] pci 0000:00:01.1: legacy IDE quirk: reg 0x1c: [io  0x0376]
[    2.649709] pci 0000:00:07.0: quirk: [io  0x4000-0x403f] claimed by PIIX4 ACPI
[    2.778097] pci 0000:00:07.0: quirk: [io  0x4100-0x410f] claimed by PIIX4 SMB
[    2.822246] ACPI: PCI Interrupt Link [LNKA] (IRQs 5 9 10 *11)
[    2.895743] ACPI: PCI Interrupt Link [LNKB] (IRQs 5 9 *10 11)
[    2.916864] ACPI: PCI Interrupt Link [LNKC] (IRQs 5 *9 10 11)
[    3.002824] ACPI: PCI Interrupt Link [LNKD] (IRQs 5 9 10 *11)
[    3.089923] ACPI: Enabled 2 GPEs in block 00 to 07
[    3.131183] vgaarb: setting as boot device: PCI:0000:00:02.0
[    3.230580] vgaarb: device added: PCI:0000:00:02.0,decodes=io+mem,owns=io+mem,locks=none
[    3.378427] vgaarb: loaded
[    3.400555] vgaarb: bridge control possible 0000:00:02.0
[    3.440524] SCSI subsystem initialized
[    3.451721] ACPI: bus type USB registered
[    3.452405] usbcore: registered new interface driver usbfs
[    3.453215] usbcore: registered new interface driver hub
[    3.453991] usbcore: registered new device driver usb
[    3.454875] PCI: Using ACPI for IRQ routing
[    3.461637] NetLabel: Initializing
[    3.462261] NetLabel:  domain hash size = 128
[    3.462947] NetLabel:  protocols = UNLABELED CIPSOv4
[    3.463698] NetLabel:  unlabeled traffic allowed by default
[    3.467473] amd_nb: Cannot enumerate AMD northbridges
[    3.468250] clocksource: Switched to clocksource kvm-clock
[    3.474673] AppArmor: AppArmor Filesystem Enabled
[    3.475441] pnp: PnP ACPI init
[    3.476637] pnp: PnP ACPI: found 3 devices
[    3.477282] PnPBIOS: Disabled by ACPI PNP
[    3.513532] clocksource: acpi_pm: mask: 0xffffff max_cycles: 0xffffff, max_idle_ns: 2085701024 ns
[    3.577132] NET: Registered protocol family 2
[    3.654926] TCP established hash table entries: 4096 (order: 2, 16384 bytes)
[    3.750727] TCP bind hash table entries: 4096 (order: 3, 32768 bytes)
[    3.844778] TCP: Hash tables configured (established 4096 bind 4096)
[    3.878745] UDP hash table entries: 256 (order: 1, 8192 bytes)
[    3.898293] UDP-Lite hash table entries: 256 (order: 1, 8192 bytes)
[    3.991153] NET: Registered protocol family 1
[    4.018167] pci 0000:00:00.0: Limiting direct PCI/PCI transfers
[    4.019154] pci 0000:00:01.0: Activating ISA DMA hang workarounds
[    4.020279] Unpacking initramfs...
[    4.233005] Freeing initrd memory: 14764K
[    4.274018] RAPL PMU detected, API unit is 2^-32 Joules, 4 fixed counters 10737418240 ms ovfl timer
[    4.414018] hw unit of domain pp0-core 2^-0 Joules
[    4.432733] hw unit of domain package 2^-0 Joules
[    4.433460] hw unit of domain dram 2^-0 Joules
[    4.434156] hw unit of domain pp1-gpu 2^-0 Joules
[    4.434922] platform rtc_cmos: registered platform RTC device (no PNP device found)
[    4.436124] Scanning for low memory corruption every 60 seconds
[    4.437230] audit: initializing netlink subsys (disabled)
[    4.438047] audit: type=2000 audit(1546701198.630:1): initialized
[    4.439176] Initialise system trusted keyring
[    4.439974] HugeTLB registered 2 MB page size, pre-allocated 0 pages
[    4.441817] zbud: loaded
[    4.442375] VFS: Disk quotas dquot_6.6.0
[    4.443043] VFS: Dquot-cache hash table entries: 1024 (order 0, 4096 bytes)
[    4.444123] squashfs: version 4.0 (2009/01/31) Phillip Lougher
[    4.445161] fuse init (API version 7.23)
[    4.445910] Key type big_key registered
[    4.446545] Allocating IMA MOK and blacklist keyrings.
[    4.447483] Key type asymmetric registered
[    4.448127] Asymmetric key parser 'x509' registered
[    4.448932] bounce: pool size: 64 pages
[    4.449617] Block layer SCSI generic (bsg) driver version 0.4 loaded (major 249)
[    4.450785] io scheduler noop registered
[    4.451411] io scheduler deadline registered (default)
[    4.452206] io scheduler cfq registered
[    4.452923] pci_hotplug: PCI Hot Plug PCI Core version: 0.5
[    4.453853] pciehp: PCI Express Hot Plug Controller Driver version: 0.4
[    4.454862] ACPI: AC Adapter [AC] (on-line)
[    4.455555] input: Power Button as /devices/LNXSYSTM:00/LNXPWRBN:00/input/input0
[    4.456722] ACPI: Power Button [PWRF]
[    4.457403] input: Sleep Button as /devices/LNXSYSTM:00/LNXSLPBN:00/input/input1
[    4.458575] ACPI: Sleep Button [SLPF]
[    4.459748] ACPI: Battery Slot [BAT0] (battery present)
[    4.460531] GHES: HEST is not enabled!
[    4.461224] isapnp: Scanning for PnP cards...
[    4.467469] Serial: 8250/16550 driver, 32 ports, IRQ sharing enabled
[    4.490097] 00:02: ttyS0 at I/O 0x3f8 (irq = 4, base_baud = 115200) is a 16550A
[    4.535857] Linux agpgart interface v0.103
[    4.595975] loop: module loaded
[    4.620620] scsi host0: ata_piix
[    4.627985] scsi host1: ata_piix
[    4.696941] ata1: PATA max UDMA/33 cmd 0x1f0 ctl 0x3f6 bmdma 0xd000 irq 14
[    4.697947] ata2: PATA max UDMA/33 cmd 0x170 ctl 0x376 bmdma 0xd008 irq 15
[    4.892644] libphy: Fixed MDIO Bus: probed
[    4.958259] tun: Universal TUN/TAP device driver, 1.6
[    5.071011] tun: (C) 1999-2004 Max Krasnyansky <maxk@qualcomm.com>
[    5.209926] isapnp: No Plug & Play device found
[    5.284851] PPP generic driver version 2.4.2
[    5.398477] ehci_hcd: USB 2.0 'Enhanced' Host Controller (EHCI) Driver
[    5.482427] tsc: Refined TSC clocksource calibration: 2294.565 MHz
[    5.586928] clocksource: tsc: mask: 0xffffffffffffffff max_cycles: 0x211326c0497, max_idle_ns: 440795226536 ns
[    5.778805] ehci-pci: EHCI PCI platform driver
[    5.861623] ehci-platform: EHCI generic platform driver
[    5.951549] ohci_hcd: USB 1.1 'Open' Host Controller (OHCI) Driver
[    6.011395] ohci-pci: OHCI PCI platform driver
[    6.087457] ohci-platform: OHCI generic platform driver
[    6.134731] uhci_hcd: USB Universal Host Controller Interface driver
[    6.135680] i8042: PNP: PS/2 Controller [PNP0303:PS2K,PNP0f03:PS2M] at 0x60,0x64 irq 1,12
[    6.137386] serio: i8042 KBD port at 0x60,0x64 irq 1
[    6.138151] serio: i8042 AUX port at 0x60,0x64 irq 12
[    6.139035] mousedev: PS/2 mouse device common for all mice
[    6.140160] input: AT Translated Set 2 keyboard as /devices/platform/i8042/serio0/input/input2
[    6.141816] rtc_cmos rtc_cmos: rtc core: registered rtc_cmos as rtc0
[    6.142741] rtc_cmos rtc_cmos: alarms up to one day, 114 bytes nvram
[    6.143647] i2c /dev entries driver
[    6.144264] device-mapper: uevent: version 1.0.3
[    6.145089] device-mapper: ioctl: 4.34.0-ioctl (2015-10-28) initialised: dm-devel@redhat.com
[    6.146377] platform eisa.0: Probing EISA bus 0
[    6.147068] platform eisa.0: EISA: Cannot allocate resource for mainboard
[    6.148042] platform eisa.0: Cannot allocate resource for EISA slot 1
[    6.158822] platform eisa.0: Cannot allocate resource for EISA slot 2
[    6.199383] platform eisa.0: Cannot allocate resource for EISA slot 3
[    6.200271] platform eisa.0: Cannot allocate resource for EISA slot 4
[    6.201251] platform eisa.0: Cannot allocate resource for EISA slot 5
[    6.202197] platform eisa.0: Cannot allocate resource for EISA slot 6
[    6.203138] platform eisa.0: Cannot allocate resource for EISA slot 7
[    6.204104] platform eisa.0: Cannot allocate resource for EISA slot 8
[    6.205064] platform eisa.0: EISA: Detected 0 cards
[    6.205852] cpufreq-nforce2: No nForce2 chipset.
[    6.206587] ledtrig-cpu: registered to indicate activity on CPUs
[    6.207652] NET: Registered protocol family 10
[    6.208507] NET: Registered protocol family 17
[    6.209220] Key type dns_resolver registered
[    6.210058] Using IPI No-Shortcut mode
[    6.210760] registered taskstats version 1
[    6.211417] Loading compiled-in X.509 certificates
[    6.214178] Loaded X.509 cert 'Build time autogenerated kernel key: 8ee7231a1e42e4b4a17d0e4b95c66ffe15d3b32e'
[    6.215638] zswap: loaded using pool lzo/zbud
[    6.217953] Key type trusted registered
[    6.298721] Key type encrypted registered
[    6.351034] AppArmor: AppArmor sha1 policy hashing enabled
[    6.351863] ima: No TPM chip found, activating TPM-bypass!
[    6.352696] ima: Allocated hash algorithm: sha1
[    6.353431] evm: HMAC attrs: 0x1
[    6.354199]   Magic number: 3:103:234
[    6.354882] rtc_cmos rtc_cmos: setting system clock to 2019-01-05 15:13:18 UTC (1546701198)
[    6.356212] BIOS EDD facility v0.16 2004-Jun-25, 0 devices found
[    6.357079] EDD information not available.
[    6.358579] Freeing unused kernel memory: 952K
[    6.368344] Write protecting the kernel text: 8056k
[    6.443869] Write protecting the kernel read-only data: 3184k
[    6.526983] NX-protecting the kernel data: 6280k
Loading, please [    6.579908] random: udevadm: uninitialized urandom read (16 bytes read, 1 bits of entropy available)
wait...
startin[    6.778155] random: systemd-udevd: uninitialized urandom read (16 bytes read, 1 bits of entropy available)
g version 229
[    6.957730] random: systemd-udevd: uninitialized urandom read (16 bytes read, 1 bits of entropy available)
[    7.039187] random: udevadm: uninitialized urandom read (16 bytes read, 1 bits of entropy available)
[    7.062836] random: udevadm: uninitialized urandom read (16 bytes read, 1 bits of entropy available)
[    7.080507] random: systemd-udevd: uninitialized urandom read (16 bytes read, 1 bits of entropy available)
[    7.084530] random: udevadm: uninitialized urandom read (16 bytes read, 1 bits of entropy available)
[    7.086064] random: udevadm: uninitialized urandom read (16 bytes read, 1 bits of entropy available)
[    7.087593] random: udevadm: uninitialized urandom read (16 bytes read, 1 bits of entropy available)
[    7.092740] random: udevadm: uninitialized urandom read (16 bytes read, 1 bits of entropy available)
[    7.146995] e1000: Intel(R) PRO/1000 Network Driver - version 7.3.21-k8-NAPI
[    7.186280] e1000: Copyright (c) 1999-2006 Intel Corporation.
[    7.210230] Fusion MPT base driver 3.04.20
[    7.224582] Copyright (c) 1999-2008 LSI Corporation
[    7.288125] Fusion MPT SPI Host driver 3.04.20
[    7.449251] input: ImExPS/2 Generic Explorer Mouse as /devices/platform/i8042/serio1/input/input4
[    7.767867] e1000 0000:00:03.0 eth0: (PCI:33MHz:32-bit) 02:02:d6:70:d5:fa
[    7.786703] e1000 0000:00:03.0 eth0: Intel(R) PRO/1000 Network Connection
[    7.844375] mptbase: ioc0: Initiating bringup
[    8.008789] ioc0: LSI53C1030 A0: Capabilities={Initiator}
[    8.209499] scsi host2: ioc0: LSI53C1030 A0, FwRev=00000000h, Ports=1, MaxQ=256, IRQ=20
[    8.393285] scsi 2:0:0:0: Direct-Access     VBOX     HARDDISK         1.0  PQ: 0 ANSI: 5
[    8.576575] scsi target2:0:0: Beginning Domain Validation
[    8.760260] scsi target2:0:0: Domain Validation skipping write tests
[    8.906783] scsi target2:0:0: Ending Domain Validation
[    9.193312] scsi target2:0:0: asynchronous
[    9.279078] scsi 2:0:1:0: Direct-Access     VBOX     HARDDISK         1.0  PQ: 0 ANSI: 5
[    9.412710] scsi target2:0:1: Beginning Domain Validation
[    9.421835] scsi target2:0:1: Domain Validation skipping write tests
[    9.422783] scsi target2:0:1: Ending Domain Validation
[    9.423647] scsi target2:0:1: asynchronous
[    9.424561] e1000 0000:00:08.0 eth1: (PCI:33MHz:32-bit) 08:00:27:d8:79:e7
[    9.425556] e1000 0000:00:08.0 eth1: Intel(R) PRO/1000 Network Connection
[    9.427352] e1000 0000:00:03.0 enp0s3: renamed from eth0
[    9.429675] e1000 0000:00:08.0 enp0s8: renamed from eth1
[    9.433783] sd 2:0:0:0: Attached scsi generic sg0 type 0
[    9.445892] sd 2:0:0:0: [sda] 20971520 512-byte logical blocks: (10.7 GB/10.0 GiB)
[    9.447343] sd 2:0:0:0: [sda] Write Protect is off
[    9.448409] sd 2:0:0:0: [sda] Incomplete mode parameter data
[    9.449225] sd 2:0:0:0: [sda] Assuming drive cache: write through
[    9.450841] sd 2:0:1:0: [sdb] 20480 512-byte logical blocks: (10.5 MB/10.0 MiB)
[    9.452392] sd 2:0:1:0: [sdb] Write Protect is off
[    9.453300] sd 2:0:1:0: Attached scsi generic sg1 type 0
[    9.454109] sd 2:0:1:0: [sdb] Incomplete mode parameter data
[    9.454933] sd 2:0:1:0: [sdb] Assuming drive cache: write through
[    9.456369]  sda: sda1
[    9.457615] sd 2:0:0:0: [sda] Attached SCSI disk
[    9.523204] sd 2:0:1:0: [sdb] Attached SCSI disk
Begin: Loading e[   10.810558] md: linear personality registered for level -1
ssential drivers[   10.913569] md: multipath personality registered for level -4
 ... [   10.997893] md: raid0 personality registered for level 0
[   11.035736] md: raid1 personality registered for level 1
[   11.108405] raid6: mmxx1    gen()  5662 MB/s
[   11.176794] raid6: mmxx2    gen()  5810 MB/s
[   11.268728] raid6: sse1x1   gen()  4560 MB/s
[   11.408579] raid6: sse1x2   gen()  6000 MB/s
[   11.540482] raid6: sse2x1   gen() 10111 MB/s
[   11.688567] raid6: sse2x1   xor()  6938 MB/s
[   11.772665] raid6: sse2x2   gen() 11078 MB/s
[   11.864578] raid6: sse2x2   xor()  8056 MB/s
[   12.032733] raid6: avx2x1   gen() 18870 MB/s
[   12.208713] raid6: avx2x2   gen() 20930 MB/s
[   12.253281] raid6: using algorithm avx2x2 gen() 20930 MB/s
[   12.254073] raid6: using avx2x1 recovery algorithm
[   12.258083] xor: automatically using best checksumming function:
[   12.296345]    avx       : 29109.000 MB/sec
[   12.302612] async_tx: api initialized (async)
[   12.323810] md: raid6 personality registered for level 6
[   12.328528] md: raid5 personality registered for level 5
[   12.329302] md: raid4 personality registered for level 4
[   12.336363] md: raid10 personality registered for level 10
done.
Begin: Running /scripts/init-premount ... done.
Begin: Mounting root file system ... Begin: Running /scripts/local-top ... done.
Begin: Running /scripts/local-premount ... [   12.400663] Btrfs loaded
Scanning for Btrfs filesystems
done.
Warning: fsck not present, so skipping root file system
[   12.447119] EXT4-fs (sda1): mounted filesystem with ordered data mode. Opts: (null)
done.
Begin: Running /scripts/local-bottom ... done.
Begin: Running /scripts/init-bottom ... done.
[   13.988677] random: nonblocking pool is initialized
[   14.511072] systemd[1]: systemd 229 running in system mode. (+PAM +AUDIT +SELINUX +IMA +APPARMOR +SMACK +SYSVINIT +UTMP +LIBCRYPTSETUP +GCRYPT +GNUTLS +ACL +XZ -LZ4 +SECCOMP +BLKID +ELFUTILS +KMOD -IDN)
[   14.853485] systemd[1]: Detected virtualization oracle.
[   14.889006] systemd[1]: Detected architecture x86.

Welcome to [1mUbuntu 16.04.5 LTS[0m!

[   14.990649] systemd[1]: Set hostname to <kouosl>.
[   16.020199] systemd[1]: Listening on Journal Socket.
[[0;32m  OK  [0m] Listening on Journal Socket.
[   16.118259] systemd[1]: Created slice User and Session Slice.
[[0;32m  OK  [0m] Created slice User and Session Slice.
[   16.257059] systemd[1]: Listening on LVM2 poll daemon socket.
[[0;32m  OK  [0m] Listening on LVM2 poll daemon socket.
[   16.320600] systemd[1]: Started Trigger resolvconf update for networkd DNS.
[[0;32m  OK  [0m] Started Trigger resolvconf update for networkd DNS.
[   16.355906] systemd[1]: Started Forward Password Requests to Wall Directory Watch.
[[0;32m  OK  [0m] Started Forward Password Requests to Wall Directory Watch.
[   16.359947] systemd[1]: Reached target Encrypted Volumes.
[[0;32m  OK  [0m] Reached target Encrypted Volumes.
[   16.363008] systemd[1]: Listening on udev Control Socket.
[[0;32m  OK  [0m] Listening on udev Control Socket.
[   16.366369] systemd[1]: Created slice System Slice.
[[0;32m  OK  [0m] Created slice System Slice.
[   16.369853] systemd[1]: Starting Remount Root and Kernel File Systems...
         Starting Remount Root and Kernel File Systems...
[   16.397355] systemd[1]: Starting Uncomplicated firewall...
         Starting Uncomplicated firewall...
[   16.505181] systemd[1]: Reached target Slices.
[[0;32m  OK  [0m] Reached target Slices.
[   16.588474] systemd[1]: Listening on udev Kernel Socket.
[[0;32m  OK  [0m] Listening on udev Kernel Socket.
[   16.673167] systemd[1]: Mounting POSIX Message Queue File System...
         Mounting POSIX Message Queue Fil[   16.765798] EXT4-fs (sda1): re-mounted. Opts: (null)
e System...
[   16.881194] systemd[1]: Starting Nameserver information manager...
         Starting Nameserver information manager...
[   17.061291] systemd[1]: Mounting Debug File System...
         Mounting Debug File System...
[   17.125072] systemd[1]: Listening on Device-mapper event daemon FIFOs.
[[0;32m  OK  [0m] Listening on Device-mapper event daemon FIFOs.
[   17.200795] systemd[1]: Listening on LVM2 metadata daemon socket.
[[0;32m  OK  [0m] Listening on LVM2 metadata daemon socket.
[   17.205811] systemd[1]: Starting Monitoring of LVM2 mirrors, snapshots etc. using dmeventd or progress polling...
         Starting Monitoring of LVM2 mirrors... dmeventd or progress polling...
[   17.345233] systemd[1]: Starting Load Kernel Modules...
         Starting Load Kernel Modules...
[   17.404469] systemd[1]: Starting Set console keymap...
         Starting Set console keymap...
[   17.441150] systemd[1]: Mounting Huge Pages File System...
         Mounting Huge Pages File System...
[   17.451474] Loading iSCSI transport class v2.0-870.
[   17.466883] systemd[1]: Listening on /dev/initctl Compatibility Named Pipe.
[[0;32m  OK  [0m] Listening on /dev/initctl Compatibility Named Pipe.
[   17.471557] systemd[1]: Set up automount Arbitrary Executable File Formats File System Automount Point.
[[0;32m  OK  [0m] Set up automount Arbitrary Executab...ats File System Automount Point.
[   17.524610] systemd[1]: Listening on Journal Audit Socket.
[[0;32m  OK  [0m] Listening on Journal Audit Socket.
[   17.587242] systemd[1]: Listening on Syslog Socket.
[[0;32m  OK  [0m] Listening on Syslog Socket.
[   17.626720] iscsi: registered transport (tcp)
[   17.656122] systemd[1]: Starting Create list of required static device nodes for the current kernel...
         Starting Create list of required st... nodes for the current kernel...
[   17.760722] systemd[1]: Reached target User and Group Name Lookups.
[[0;32m  OK  [0m] Reached target User and Group Name Lookups.
[   17.935877] systemd[1]: Listening on Journal Socket (/dev/log).
[[0;32m  OK  [0m] Listening on [   18.059564] iscsi: registered transport (iser)
Journal Socket (/dev/log).
[   18.162048] systemd[1]: Starting Journal Service...
         Starting Journal Service...
[   18.252492] systemd[1]: Reached target System Time Synchronized.
[[0;32m  OK  [0m] Reached target System Time Synchronized.
[   18.400448] systemd[1]: Reached target Swap.
[[0;32m  OK  [0m] Reached target Swap.
[   18.484920] systemd[1]: Created slice system-serial\x2dgetty.slice.
[[0;32m  OK  [0m] Created slice system-serial\x2dgetty.slice.
[   18.594671] systemd[1]: Mounted Huge Pages File System.
[[0;32m  OK  [0m] Mounted Huge Pages File System.
[   18.685341] systemd[1]: Mounted Debug File System.
[[0;32m  OK  [0m] Mounted Debug File System.
[   18.764650] systemd[1]: Mounted POSIX Message Queue File System.
[[0;32m  OK  [0m] Mounted POSIX Message Queue File System.
[   18.845378] systemd[1]: Started Journal Service.
[[0;32m  OK  [0m] Started Journal Service.
[[0;32m  OK  [0m] Started Remount Root and Kernel File Systems.
[[0;32m  OK  [0m] Started Uncomplicated firewall.
[[0;32m  OK  [0m] Started Load Kernel Modules.
[[0;32m  OK  [0m] Started Set console keymap.
[[0;32m  OK  [0m] Started Create list of required sta...ce nodes for the current kernel.
[[0;32m  OK  [0m] Started Nameserver information manager.
[[0;32m  OK  [0m] Started LVM2 metadata daemon.
         Starting Create Static Device Nodes in /dev...
         Mounting FUSE Control File System...
         Starting Apply Kernel Variables...
         Starting udev Coldplug all Devices...
         Starting Load/Save Random Seed...
         Starting Flush Journal to Persistent Storage...
[[0;32m  OK  [0m] Mounted FUSE Control File System.
[[0;32m  OK  [0m] Started Load/Save Random Seed.
[[0;32m  OK  [0m] Started udev Coldplug all Devices.
[[0;32m  OK  [0m] Started Apply Kernel Variables.
[[0;32m  OK  [0m] Started Create Static Device Nodes in /dev.
[[0;32m  OK  [0m] Started Flush Journal to Persistent Storage.
         Starting udev Kernel Device Manager...
[[0;32m  OK  [0m] Started Monitoring of LVM2 mirrors,...ng dmeventd or progress polling.
[[0;32m  OK  [0m] Started udev Kernel Device Manager.
[[0;32m  OK  [0m] Started Dispatch Password Requests to Console Directory Watch.
[[0;32m  OK  [0m] Reached target Local File Systems (Pre).
[[0;32m  OK  [0m] Reached target Local File Systems.
         Starting Initial cloud-init job (pre-networking)...
         Starting LSB: AppArmor initialization...
         Starting Tell Plymouth To Write Out Runtime Data...
         Starting Set console font and keymap...
         Starting Create Volatile Files and Directories...
[[0;32m  OK  [0m] Started Tell Plymouth To Write Out Runtime Data.
[[0;32m  OK  [0m] Started Create Volatile Files and Directories.
[[0;32m  OK  [0m] Found device /dev/ttyS0.
[[0;32m  OK  [0m] Listening on Load/Save RF Kill Switch Status /dev/rfkill Watch.
         Starting Update UTMP about System Boot/Shutdown...
[[0;32m  OK  [0m] Started LSB: AppArmor initialization.
[[0;32m  OK  [0m] Started Update UTMP about System Boot/Shutdown.
[[0;32m  OK  [0m] Found device 82540EM Gigabit Ethern...r (PRO/1000 MT Desktop Adapter).
[[0;32m  OK  [0m] Found device 82540EM Gigabit Ethern...r (PRO/1000 MT Desktop Adapter).
[[0;32m  OK  [0m] Started Set console font and keymap.
[[0;32m  OK  [0m] Created slice system-getty.slice.
[   19.288503] cloud-init[486]: Cloud-init v. 18.4-0ubuntu1~16.04.2 running 'init-local' at Sat, 05 Jan 2019 15:13:34 +0000. Up 18.92 seconds.
[[0;32m  OK  [0m] Started Initial cloud-init job (pre-networking).
[[0;32m  OK  [0m] Reached target Network (Pre).
         Starting Raise network interfaces...
[[0;32m  OK  [0m] Started ifup for enp0s8.
[[0;32m  OK  [0m] Started ifup for enp0s3.
[[0;32m  OK  [0m] Started Raise network interfaces.
[[0;32m  OK  [0m] Reached target Network.
         Starting Initial cloud-init job (metadata service crawler)...
[   20.565200] cloud-init[1069]: Cloud-init v. 18.4-0ubuntu1~16.04.2 running 'init' at Sat, 05 Jan 2019 15:13:35 +0000. Up 19.98 seconds.
[   20.616432] cloud-init[1069]: ci-info: ++++++++++++++++++++++++++++++++++++++Net device info+++++++++++++++++++++++++++++++++++++++
[[0;32m  OK  [0m] Started Initial cloud-init job (metadata service crawler).
[[0;32m  OK  [0m] Reached target System Initialization.
[   20.682663] cloud-init[1069]: ci-info: +--------+------+-----------------------------+---------------+--------+-------------------+
[   20.887089] cloud-init[1069]: ci-info: | Device |  Up  |           Address           |      Mask     | Scope  |     Hw-Address    |         Starting LXD - unix socket.
[[0;32m  OK  [0m] Listening on D-Bus System Message Bus Socket.

[   20.914464] cloud-init[1069]: ci-info: +--------+------+-----------------------------+---------------+--------+-------------------+
[[0;32m  OK  [0m] Started ACPI Events Check.
[[0;32m  OK  [0m] Reached target Paths.
[   21.022790] cloud-init[1069]: ci-info: | enp0s3 | True |          10.0.2.15          | 255.255.255.0 | global | 02:02:d6:70:d5:fa |
[   21.233284] cloud-init[1069]: ci-info: | enp0s3 | True |  fe80::2:d6ff:fe70:d5fa/64  |       .       |  link  | 02:02:d6:70:d5:fa |
[[0;32m  OK  [0m] Started Daily apt download activities.
[[0;32m  OK  [0m] Started Daily apt upgrade and clean activities.
[   21.358920] cloud-init[1069]: ci-info: | enp0s8 | True |        192.168.83.137       | 255.255.255.0 | global | 08:00:27:d8:79:e7 |
[   21.612925] cloud-init[1069]: ci-info: | enp0s8 | True | fe80::a00:27ff:fed8:79e7/64 |       .       |  link  | 08:00:27:d8:79:e7 |
[[0;32m  OK  [0m] Listening on ACPID Listen Socket.
         Starting Socket activation for snappy daemon.
[   21.742882] cloud-init[1069]: ci-info: |   lo   | True |          127.0.0.1          |   255.0.0.0   |  host  |         .         |
[[0;32m  OK  [0m] Started Daily Cleanup of Temporary Directories.
[   21.895017] cloud-init[1069]: ci-info: |   lo   | True |           ::1/128           |       .       |  host  |         .         |
[   21.997161] cloud-init[1069]: ci-info: +--------+------+-----------------------------+---------------+--------+-------------------+
[[0;32m  OK  [0m] Reached target Timers.
[[0;32m  OK  [0m] Listening on UUID daemon activation socket.
[   22.114412] cloud-init[1069]: ci-info: ++++++++++++++++++++++++++++Route IPv4 info++++++++++++++++++++++++++++
[   22.301106] cloud-init[1069]: ci-info: +-------+--------------+----------+---------------+-----------+-------+
[[0;32m  OK  [0m] Reached target Network is Online.
[   22.402929] cloud-init[1069]: ci-info: | Route | Destination  | Gateway  |    Genmask    | Interface | Flags |
[   22.580585] cloud-init[1069]: ci-info: +-------+--------------+----------+---------------+-----------+-------+
         Starting iSCSI initiator daemon (iscsid)...
[[0;32m  OK  [0m] Reached target Cloud-config availability.
[   22.678489] cloud-init[1069]: ci-info: |   0   |   0.0.0.0    | 10.0.2.2 |    0.0.0.0    |   enp0s3  |   UG  |
[   22.912211] cloud-init[1069]: ci-info: |   1   |   10.0.2.0   | 0.0.0.0  | 255.255.255.0 |   enp0s3  |   U   |
[[0;32m  OK  [0m] Listening on LXD - unix socket.
[[0;32m  OK  [0m] Listening on Socket activation for snappy daemon.
[   22.994264] cloud-init[1069]: ci-info: |   2   | 192.168.83.0 | 0.0.0.0  | 255.255.255.0 |   enp0s8  |   U   |
[   23.125935] cloud-init[1069]: ci-info: +-------+--------------+----------+---------------+-----------+-------+
[   23.217129] cloud-init[1069]: ci-info: +++++++++++++++++++Route IPv6 info+++++++++++++++++++
[   23.320450] cloud-init[1069]: ci-info: +-------+-------------+---------+-----------+-------+
[   23.436999] cloud-init[1069]: ci-info: | Route | Destination | Gateway | Interface | Flags |
[[0;32m  OK  [0m] Started iSCSI initiator daemon (iscsid).
         Starting Login to default iSCSI targets...[   23.543629] cloud-init[1069]: ci-info: +-------+-------------+---------+-----------+-------+
[   23.592233] cloud-init[1069]: ci-info: |   0   |  fe80::/64  |    ::   |   enp0s8  |   U   |
[   23.592285] cloud-init[1069]: ci-info: |   1   |  fe80::/64  |    ::   |   enp0s3  |   U   |
[   23.592325] cloud-init[1069]: ci-info: |   4   |   ff00::/8  |    ::   |   enp0s8  |   U   |
[   23.592363] cloud-init[1069]: ci-info: |   5   |   ff00::/8  |    ::   |   enp0s3  |   U   |
[   23.592400] cloud-init[1069]: ci-info: +-------+-------------+---------+-----------+-------+

[[0;32m  OK  [0m] Reached target Sockets.
[[0;32m  OK  [0m] Reached target Basic System.
         Starting /etc/rc.local Compatibility...
         Starting LSB: MD monitoring daemon...
         Starting LXD - container startup/shutdown...
         Starting Accounts Service...
[[0;32m  OK  [0m] Started Unattended Upgrades Shutdown.
[[0;32m  OK  [0m] Started FUSE filesystem for LXC.
[[0;32m  OK  [0m] Started ACPI event daemon.
[[0;32m  OK  [0m] Started D-Bus System Message Bus.
[[0;32m  OK  [0m] Started Deferred execution scheduler.
         Starting System Logging Service...
[[0;32m  OK  [0m] Started Regular background program processing daemon.
         Starting LSB: Record successful boot for GRUB...
         Starting Virtualbox guest utils...
         Starting Snappy daemon...
         Starting OpenBSD Secure Shell server...
         Starting Login Service...
[[0;32m  OK  [0m] Started System Logging Service.
[[0;32m  OK  [0m] Started /etc/rc.local Compatibility.
[[0;32m  OK  [0m] Started LXD - container startup/shutdown.
[[0;32m  OK  [0m] Started OpenBSD Secure Shell server.
[[0;32m  OK  [0m] Started Login to default iSCSI targets.
[[0;32m  OK  [0m] Started Snappy daemon.
[[0;32m  OK  [0m] Started LSB: MD monitoring daemon.
[[0;32m  OK  [0m] Started LSB: Record successful boot for GRUB.
[[0;32m  OK  [0m] Started Login Service.
         Starting Authenticate and Authorize Users to Run Privileged Tasks...
         Starting Wait until snapd is fully seeded...
[[0;32m  OK  [0m] Reached target Remote File Systems (Pre).
[[0;32m  OK  [0m] Reached target Remote File Systems.
         Starting LSB: Apache2 web server...
         Starting LSB: automatic crash report generation...
         Starting LSB: Set the CPU Frequency Scaling governor to "ondemand"...
         Starting LSB: Start and stop the mysql database server daemon...
         Starting LSB: daemon to balance interrupts for SMP systems...
         Starting Permit User Sessions...
[[0;32m  OK  [0m] Started Virtualbox guest utils.
[[0;32m  OK  [0m] Started Wait until snapd is fully seeded.
[[0;32m  OK  [0m] Started Permit User Sessions.
[[0;32m  OK  [0m] Started Authenticate and Authorize Users to Run Privileged Tasks.
[[0;32m  OK  [0m] Started Accounts Service.
[[0;32m  OK  [0m] Started LSB: Set the CPU Frequency Scaling governor to "ondemand".
[[0;32m  OK  [0m] Started LSB: automatic crash report generation.
[[0;32m  OK  [0m] Started LSB: daemon to balance interrupts for SMP systems.
[[0;32m  OK  [0m] Created slice User Slice of vagrant.
         Starting User Manager for UID 1000...
[[0;32m  OK  [0m] Started Session 1 of user vagrant.
         Starting Terminate Plymouth Boot Screen...
         Starting Hold until boot process finishes up...
         Starting Apply the settings specified in cloud-config...
[[0;32m  OK  [0m] Started Terminate Plymouth Boot Screen.
[[0;32m  OK  [0m] Started Hold until boot process finishes up.
         Starting Set console scheme...
[[0;32m  OK  [0m] Started Getty on tty1.
[[0;32m  OK  [0m] Started Serial Getty on ttyS0.
[[0;32m  OK  [0m] Reached target Login Prompts.
[[0;32m  OK  [0m] Started Set console scheme.
[[0;32m  OK  [0m] Started User Manager for UID 1000.
[   25.631841] cloud-init[1355]: Cloud-init v. 18.4-0ubuntu1~16.04.2 running 'modules:config' at Sat, 05 Jan 2019 15:13:40 +0000. Up 25.34 seconds.
[[0;32m  OK  [0m] Started Apply the settings specified in cloud-config.
[[0;32m  OK  [0m] Started LSB: Start and stop the mysql database server daemon.
[[0;32m  OK  [0m] Started LSB: Apache2 web server.
[[0;32m  OK  [0m] Reached target Multi-User System.
         Starting Execute cloud user/final scripts...
[[0;32m  OK  [0m] Reached target Graphical Interface.
         Starting Update UTMP about System Runlevel Changes...
[[0;32m  OK  [0m] Started Update UTMP about System Runlevel Changes.
[   28.281059] cloud-init[1897]: Cloud-init v. 18.4-0ubuntu1~16.04.2 running 'modules:final' at Sat, 05 Jan 2019 15:13:43 +0000. Up 28.13 seconds.
[   28.352746] cloud-init[1897]: Cloud-init v. 18.4-0ubuntu1~16.04.2 finished at Sat, 05 Jan 2019 15:13:43 +0000. Datasource DataSourceNoCloud [seed=/dev/sdb][dsmode=net].  Up 28.27 seconds
[[0;32m  OK  [0m] Started Execute cloud user/final scripts.
[[0;32m  OK  [0m] Reached target Cloud-init target.

Ubuntu 16.04.5 LTS kouosl ttyS0

kouosl login: 